2021-10-29 10:30:28 :INFO :*******************Test_001_login******************************
2021-10-29 10:30:28 :INFO :*****************verifying home page title *************************
2021-10-29 10:30:43 :INFO :**************Home page Test case passed***********************
2021-10-29 10:30:51 :INFO :***************Test login started*******************
2021-10-29 13:44:15 :INFO :*******************Test_001_login******************************
2021-10-29 13:44:15 :INFO :*****************verifying home page title *************************
2021-10-29 13:44:19 :INFO :**************Home page Test case passed***********************
2021-10-29 13:44:22 :INFO :***************Test login started*******************
2021-11-01 12:21:55 :INFO :*******************Test_ddt_001_login******************************
2021-11-01 12:21:55 :INFO :*****************verifying home page title *************************
2021-11-01 12:21:58 :INFO :**************Home page Test case passed***********************
2021-11-01 12:22:03 :INFO :***************Test login_DDT started*******************
2021-11-01 12:22:56 :INFO :*******************Test_ddt_001_login******************************
2021-11-01 12:22:56 :INFO :*****************verifying home page title *************************
2021-11-01 12:23:06 :INFO :**************Home page Test case passed***********************
2021-11-01 12:23:12 :INFO :***************Test login_DDT started*******************
2021-11-01 12:27:12 :INFO :*******************Test_ddt_001_login******************************
2021-11-01 12:27:12 :INFO :*****************verifying home page title *************************
2021-11-01 12:27:20 :INFO :**************Home page Test case passed***********************
2021-11-01 12:27:23 :INFO :***************Test login_DDT started*******************
2021-11-01 12:32:58 :INFO :*******************Test_ddt_001_login******************************
2021-11-01 12:32:58 :INFO :*****************verifying home page title *************************
2021-11-01 12:33:14 :INFO :**************Home page Test case passed***********************
2021-11-01 12:33:17 :INFO :***************Test login_DDT started*******************
2021-11-01 12:50:18 :INFO :*******************Test_ddt_001_login******************************
2021-11-01 12:50:18 :INFO :*****************verifying home page title *************************
2021-11-01 12:50:22 :INFO :**************Home page Test case passed***********************
2021-11-01 12:50:26 :INFO :***************Test login_DDT started*******************
2021-11-01 12:54:05 :INFO :*******************Test_ddt_001_login******************************
2021-11-01 12:54:05 :INFO :*****************verifying home page title *************************
2021-11-01 12:54:17 :INFO :**************Home page Test case passed***********************
2021-11-01 12:54:19 :INFO :***************Test login_DDT started*******************
2021-11-01 12:55:24 :INFO :*******************Test_ddt_001_login******************************
2021-11-01 12:55:24 :INFO :*****************verifying home page title *************************
2021-11-01 12:55:29 :INFO :**************Home page Test case passed***********************
2021-11-01 12:55:31 :INFO :***************Test login_DDT started*******************
2021-11-01 13:00:11 :INFO :*******************Test_ddt_001_login******************************
2021-11-01 13:00:11 :INFO :*****************verifying home page title *************************
2021-11-01 13:00:19 :INFO :**************Home page Test case passed***********************
2021-11-01 13:00:21 :INFO :***************Test login_DDT started*******************
2021-11-03 12:38:46 :INFO :*******************Test_ddt_001_login******************************
2021-11-03 12:38:46 :INFO :*****************verifying home page title *************************
2021-11-03 12:38:56 :INFO :**************Home page Test case passed***********************
2021-11-03 12:38:58 :INFO :***************Test login_DDT started*******************
2021-11-03 12:39:10 :INFO :Test case failed
2021-11-03 12:41:54 :INFO :*******************Test_ddt_001_login******************************
2021-11-03 12:41:54 :INFO :*****************verifying home page title *************************
2021-11-03 12:42:03 :INFO :**************Home page Test case passed***********************
2021-11-03 12:42:05 :INFO :***************Test login_DDT started*******************
2021-11-03 12:42:17 :INFO :Test case failed
2021-11-03 12:42:19 :INFO :Test case passed
2021-11-03 12:47:31 :INFO :*******************Test_ddt_001_login******************************
2021-11-03 12:47:31 :INFO :*****************verifying home page title *************************
2021-11-03 12:47:35 :ERROR :****************Home Page test case failed**************************
2021-11-03 12:47:39 :INFO :***************Test login_DDT started*******************
2021-11-03 12:48:18 :INFO :Test case failed
2021-11-03 12:48:20 :INFO :Test case passed
2021-11-03 13:13:46 :INFO :*******************Test_ddt_001_login******************************
2021-11-03 13:13:46 :INFO :*****************verifying home page title *************************
2021-11-03 13:13:55 :INFO :**************Home page Test case passed***********************
2021-11-03 13:13:58 :INFO :***************Test login_DDT started*******************
2021-11-03 13:14:16 :INFO :Test case failed
2021-11-03 13:14:22 :INFO :Test case passed
2021-11-03 13:25:06 :INFO :*******************Test_ddt_001_login******************************
2021-11-03 13:25:06 :INFO :*****************verifying home page title *************************
2021-11-03 13:25:15 :INFO :**************Home page Test case passed***********************
2021-11-03 13:25:19 :INFO :***************Test login_DDT started*******************
2021-11-03 13:25:31 :INFO :Test case failed
2021-11-03 13:25:37 :INFO :Test case passed
2021-11-05 13:56:48 :INFO :*******************Test_ddt_001_login******************************
2021-11-05 13:56:48 :INFO :*****************verifying home page title *************************
2021-11-05 13:56:56 :INFO :**************Home page Test case passed***********************
2021-11-05 13:57:00 :INFO :***************Test login_DDT started*******************
2021-11-05 13:57:18 :INFO :Test case failed
2021-11-05 13:57:26 :INFO :Test case passed
2021-11-05 13:58:34 :INFO :*******************Test_ddt_001_login******************************
2021-11-05 13:58:34 :INFO :*****************verifying home page title *************************
2021-11-05 13:58:44 :INFO :**************Home page Test case passed***********************
2021-11-05 13:58:52 :INFO :***************Test login_DDT started*******************
2021-11-05 13:59:07 :INFO :Test case failed
2021-11-05 13:59:14 :INFO :Test case passed
2021-11-05 14:01:19 :INFO :*******************Test_ddt_001_login******************************
2021-11-05 14:01:19 :INFO :*****************verifying home page title *************************
2021-11-05 14:01:28 :INFO :**************Home page Test case passed***********************
2021-11-05 14:01:30 :INFO :***************Test login_DDT started*******************
2021-11-05 14:01:48 :INFO :Test case failed
2021-11-05 14:01:55 :INFO :Test case passed
2021-11-05 14:02:00 :INFO :Test case passed
2021-11-05 14:02:06 :INFO :Test case passed
2021-11-05 14:02:06 :INFO :DDT Failed
2021-11-05 14:16:45 :INFO :*******************Test_ddt_001_login******************************
2021-11-05 14:16:45 :INFO :*****************verifying home page title *************************
2021-11-05 14:16:53 :INFO :**************Home page Test case passed***********************
2021-11-05 14:16:57 :INFO :***************Test login_DDT started*******************
2021-11-05 14:17:09 :INFO :Test case failed
2021-11-05 14:24:43 :INFO :*******************Test_ddt_001_login******************************
2021-11-05 14:24:43 :INFO :*****************verifying home page title *************************
2021-11-05 14:24:48 :INFO :**************Home page Test case passed***********************
2021-11-05 14:24:50 :INFO :***************Test login_DDT started*******************
2021-11-05 14:25:03 :INFO :Test case failed
2021-11-05 14:25:03 :INFO :DDT Failed
2021-11-08 09:43:12 :INFO :*******************Test_ddt_001_login******************************
2021-11-08 09:43:12 :INFO :*****************verifying home page title *************************
2021-11-08 09:43:21 :INFO :**************Home page Test case passed***********************
2021-11-08 09:43:26 :INFO :***************Test login_DDT started*******************
2021-11-08 09:43:40 :INFO :Test case failed
2021-11-08 09:43:40 :INFO :DDT Failed
2021-11-11 13:11:27 :INFO :********Test_003_addcustomer*****************
2021-11-11 13:11:34 :INFO :**************login successful****************
2021-11-11 13:11:34 :INFO :**********starting add customer test case***************
2021-11-11 13:34:09 :INFO :********Test_003_addcustomer*****************
2021-11-11 13:34:16 :INFO :**************login successful****************
2021-11-11 13:34:16 :INFO :**********starting add customer test case***************
2021-11-11 14:05:06 :INFO :********Test_003_addcustomer*****************
2021-11-11 14:05:14 :INFO :**************login successful****************
2021-11-11 14:05:14 :INFO :**********starting add customer test case***************
2021-11-11 14:14:49 :INFO :********Test_003_addcustomer*****************
2021-11-11 14:14:56 :INFO :**************login successful****************
2021-11-11 14:14:56 :INFO :**********starting add customer test case***************
2021-11-11 14:38:53 :INFO :********Test_003_addcustomer*****************
2021-11-11 14:39:01 :INFO :**************login successful****************
2021-11-11 14:39:01 :INFO :**********starting add customer test case***************
2021-11-11 14:39:04 :INFO :*******providing customer info********
2021-11-11 14:40:34 :INFO :********Test_003_addcustomer*****************
2021-11-11 14:40:42 :INFO :**************login successful****************
2021-11-11 14:40:42 :INFO :**********starting add customer test case***************
2021-11-11 14:40:45 :INFO :*******providing customer info********
2021-11-11 14:45:00 :INFO :********Test_003_addcustomer*****************
2021-11-11 14:45:08 :INFO :**************login successful****************
2021-11-11 14:45:08 :INFO :**********starting add customer test case***************
2021-11-11 14:45:10 :INFO :*******providing customer info********
2021-11-11 14:53:09 :INFO :********Test_003_addcustomer*****************
2021-11-11 14:53:17 :INFO :**************login successful****************
2021-11-11 14:53:17 :INFO :**********starting add customer test case***************
2021-11-11 14:53:20 :INFO :*******providing customer info********
2021-11-11 15:01:33 :INFO :********Test_003_addcustomer*****************
2021-11-11 15:01:39 :INFO :**************login successful****************
2021-11-11 15:01:39 :INFO :**********starting add customer test case***************
2021-11-11 15:01:42 :INFO :*******providing customer info********
2021-11-11 15:07:14 :INFO :********Test_003_addcustomer*****************
2021-11-11 15:07:22 :INFO :**************login successful****************
2021-11-11 15:07:22 :INFO :**********starting add customer test case***************
2021-11-11 15:07:24 :INFO :*******providing customer info********
2021-11-11 15:08:34 :INFO :********Test_003_addcustomer*****************
2021-11-11 15:08:43 :INFO :**************login successful****************
2021-11-11 15:08:43 :INFO :**********starting add customer test case***************
2021-11-11 15:08:45 :INFO :*******providing customer info********
2021-11-11 15:58:52 :INFO :********Test_003_addcustomer*****************
2021-11-11 15:59:01 :INFO :**************login successful****************
2021-11-11 15:59:01 :INFO :**********starting add customer test case***************
2021-11-11 15:59:07 :INFO :*******providing customer info********
2021-11-11 16:00:02 :INFO :********Test_003_addcustomer*****************
2021-11-11 16:00:12 :INFO :**************login successful****************
2021-11-11 16:00:12 :INFO :**********starting add customer test case***************
2021-11-11 16:00:15 :INFO :*******providing customer info********
2021-11-11 16:06:04 :INFO :********Test_003_addcustomer*****************
2021-11-11 16:06:44 :INFO :**************login successful****************
2021-11-11 16:06:44 :INFO :**********starting add customer test case***************
2021-11-11 16:06:51 :INFO :*******providing customer info********
2021-11-11 16:09:09 :INFO :********Test_003_addcustomer*****************
2021-11-11 16:09:18 :INFO :**************login successful****************
2021-11-11 16:09:18 :INFO :**********starting add customer test case***************
2021-11-11 16:09:20 :INFO :*******providing customer info********
2021-11-11 16:10:33 :INFO :********Test_003_addcustomer*****************
2021-11-11 16:10:40 :INFO :**************login successful****************
2021-11-11 16:10:40 :INFO :**********starting add customer test case***************
2021-11-11 16:10:43 :INFO :*******providing customer info********
2021-11-11 16:10:47 :INFO :**********Customer added successfully*********************
2021-11-11 16:10:48 :INFO :*************Ending Add customer test*******************
2021-11-12 09:08:56 :INFO :*************Test Search customer by email_004*******************
2021-11-12 09:09:09 :INFO :*********Login Successful****************
2021-11-12 09:09:47 :INFO :*************Test Search customer by email_004*******************
2021-11-12 09:10:01 :INFO :*********Login Successful****************
2021-11-12 09:27:54 :INFO :*************Test Search customer by email_004*******************
2021-11-12 09:28:12 :INFO :*********Login Successful****************
2021-11-12 09:34:54 :INFO :*************Test Search customer by email_004*******************
2021-11-12 09:35:08 :INFO :*********Login Successful****************
2021-11-12 12:09:37 :INFO :*************Test Search customer by email_004*******************
2021-11-12 12:10:11 :INFO :*********Login Successful****************
2021-11-12 12:13:03 :INFO :*************Test Search customer by email_004*******************
2021-11-12 12:13:21 :INFO :*********Login Successful****************
2021-11-12 13:42:17 :INFO :*************Test Search customer by email_004*******************
2021-11-12 13:42:31 :INFO :*********Login Successful****************
2021-11-12 13:42:33 :INFO :******Searching customer by emailID*****
2021-11-12 14:16:45 :INFO :*************Test Search customer by email_004*******************
2021-11-12 14:17:00 :INFO :*********Login Successful****************
2021-11-12 14:17:02 :INFO :******Searching customer by emailID*****
2021-11-12 14:28:06 :INFO :*************Test Search customer by name_005*******************
2021-11-12 14:28:28 :INFO :*********Login Successful****************
2021-11-12 14:28:30 :INFO :******Searching customer by name*****
2021-11-12 14:28:57 :INFO :*************Test Search customer by name_005*******************
2021-11-12 14:29:11 :INFO :*********Login Successful****************
2021-11-12 14:29:13 :INFO :******Searching customer by name*****
2021-11-12 14:29:58 :INFO :*************Test Search customer by name_005*******************
2021-11-12 14:30:14 :INFO :*********Login Successful****************
2021-11-12 14:30:15 :INFO :******Searching customer by name*****
2021-11-12 15:24:18 :INFO :*************Test Search customer by email_004*******************
2021-11-12 15:24:32 :INFO :*********Login Successful****************
2021-11-12 15:24:33 :INFO :******Searching customer by emailID*****
2021-11-12 15:26:13 :INFO :*************Test Search customer by email_004*******************
2021-11-12 15:26:27 :INFO :*********Login Successful****************
2021-11-12 15:26:28 :INFO :******Searching customer by emailID*****
2021-11-12 15:26:28 :INFO :******clicking on search***************
2021-11-12 15:52:02 :INFO :*************Test Search customer by email_004*******************
2021-11-12 15:52:16 :INFO :*********Login Successful****************
2021-11-12 15:52:19 :INFO :******Searching customer by emailID*****
2021-11-12 15:52:19 :INFO :******clicking on search***************
2021-11-12 15:52:22 :INFO :***********TC_searchcustomerbyemail_004 finished
2021-11-12 15:53:46 :INFO :*************Test Search customer by name_005*******************
2021-11-12 15:54:00 :INFO :*********Login Successful****************
2021-11-12 15:54:02 :INFO :******Searching customer by name*****
2021-11-12 15:54:05 :INFO :***********TC_searchcustomerbyname_005 finished
2021-11-12 17:53:58 :INFO :********Test_003_addcustomer*****************
2021-11-12 17:54:25 :INFO :**************login successful****************
2021-11-12 17:54:25 :INFO :**********starting add customer test case***************
2021-11-12 17:54:41 :INFO :*******providing customer info********
2021-11-12 17:54:57 :INFO :**********Customer added successfully*********************
2021-11-12 17:54:58 :INFO :*************Ending Add customer test*******************
2021-11-12 17:55:08 :INFO :***************Test login started*******************
2021-11-12 18:01:12 :INFO :********Test_003_addcustomer*****************
2021-11-12 18:01:38 :INFO :**************login successful****************
2021-11-12 18:01:38 :INFO :**********starting add customer test case***************
2021-11-12 18:01:53 :INFO :*******providing customer info********
2021-11-12 18:02:11 :INFO :**********Customer added successfully*********************
2021-11-12 18:02:13 :INFO :*************Ending Add customer test*******************
2021-11-12 18:02:20 :INFO :***************Test login started*******************
2021-11-12 18:02:46 :ERROR :****************Test Login failed***********************
2021-11-12 18:09:37 :INFO :********Test_003_addcustomer*****************
2021-11-12 18:10:02 :INFO :**************login successful****************
2021-11-12 18:10:02 :INFO :**********starting add customer test case***************
2021-11-12 18:10:19 :INFO :*******providing customer info********
2021-11-12 18:10:37 :INFO :**********Customer added successfully*********************
2021-11-12 18:10:42 :INFO :*************Ending Add customer test*******************
2021-11-12 18:10:49 :INFO :***************Test login started*******************
2021-11-12 18:11:17 :ERROR :****************Test Login failed***********************
2021-11-12 18:14:43 :INFO :********Test_003_addcustomer*****************
2021-11-12 18:15:15 :INFO :**************login successful****************
2021-11-12 18:15:15 :INFO :**********starting add customer test case***************
2021-11-12 18:15:30 :INFO :*******providing customer info********
2021-11-12 18:15:49 :INFO :**********Customer added successfully*********************
2021-11-12 18:15:51 :INFO :*************Ending Add customer test*******************
2021-11-12 18:15:59 :INFO :***************Test login started*******************
2021-11-12 18:16:24 :INFO :*************Test login passed***************
2021-11-15 09:30:13 :INFO :********Test_003_addcustomer*****************
2021-11-15 09:30:41 :INFO :**************login successful****************
2021-11-15 09:30:41 :INFO :**********starting add customer test case***************
2021-11-15 09:30:56 :INFO :*******providing customer info********
2021-11-15 09:31:17 :INFO :**********Customer added successfully*********************
2021-11-15 09:31:25 :INFO :*************Ending Add customer test*******************
2021-11-15 09:31:34 :INFO :***************Test login started*******************
2021-11-15 09:32:25 :INFO :*************Test login passed***************
2021-11-15 09:35:06 :INFO :********Test_003_addcustomer*****************
2021-11-15 09:35:35 :INFO :**************login successful****************
2021-11-15 09:35:35 :INFO :**********starting add customer test case***************
2021-11-15 09:35:55 :INFO :*******providing customer info********
2021-11-15 09:36:18 :INFO :**********Customer added successfully*********************
2021-11-15 09:36:20 :INFO :*************Ending Add customer test*******************
2021-11-15 09:36:27 :INFO :***************Test login started*******************
2021-11-15 09:37:04 :INFO :*************Test login passed***************
2021-11-15 10:08:04 :INFO :********Test_003_addcustomer*****************
2021-11-15 10:08:25 :INFO :**************login successful****************
2021-11-15 10:08:25 :INFO :**********starting add customer test case***************
2021-11-15 10:08:30 :INFO :*******providing customer info********
2021-11-15 10:08:34 :INFO :**********Customer added successfully*********************
2021-11-15 10:08:35 :INFO :*************Ending Add customer test*******************
2021-11-15 10:08:38 :INFO :***************Test login started*******************
2021-11-15 10:09:16 :INFO :*************Test login passed***************
2021-11-15 10:10:29 :INFO :********Test_003_addcustomer*****************
2021-11-15 10:10:59 :INFO :**************login successful****************
2021-11-15 10:10:59 :INFO :**********starting add customer test case***************
2021-11-15 10:11:01 :INFO :*******providing customer info********
2021-11-15 10:11:06 :INFO :**********Customer added successfully*********************
2021-11-15 10:11:13 :INFO :*************Ending Add customer test*******************
2021-11-15 10:11:18 :INFO :*******************Test_001_login******************************
2021-11-15 10:11:18 :INFO :*****************verifying home page title *************************
2021-11-15 10:11:36 :INFO :**************Home page Test case passed***********************
2021-11-15 10:11:38 :INFO :***************Test login started*******************
2021-11-15 10:12:01 :INFO :*************Test login passed***************
2021-11-15 10:12:07 :INFO :*******************Test_ddt_001_login******************************
2021-11-15 10:12:07 :INFO :*****************verifying home page title *************************
2021-11-15 10:12:21 :INFO :**************Home page Test case passed***********************
2021-11-15 10:12:26 :INFO :*************Test Search customer by email_004*******************
2021-11-15 10:12:59 :INFO :*********Login Successful****************
2021-11-15 10:13:02 :INFO :******Searching customer by emailID*****
2021-11-15 10:13:03 :INFO :******clicking on search***************
2021-11-15 10:13:06 :INFO :***********TC_searchcustomerbyemail_004 finished
2021-11-15 10:13:14 :INFO :*************Test Search customer by name_005*******************
2021-11-15 10:13:33 :INFO :*********Login Successful****************
2021-11-15 10:13:36 :INFO :******Searching customer by name*****
2021-11-15 10:13:40 :INFO :***********TC_searchcustomerbyname_005 finished
2021-11-17 14:27:37 :INFO :*******************Test_001_login******************************
2021-11-17 14:27:37 :INFO :*****************verifying home page title *************************
2021-11-17 14:27:42 :INFO :**************Home page Test case passed***********************
2021-11-17 14:27:44 :INFO :***************Test login started*******************
2021-11-17 14:27:53 :INFO :*************Test login passed***************
2021-11-22 14:37:25 :INFO :*******************Test_ddt_001_login******************************
2021-11-22 14:37:25 :INFO :*****************verifying home page title *************************
2021-11-22 14:37:33 :INFO :**************Home page Test case passed***********************
2021-11-22 14:37:35 :INFO :***************Test login_DDT started*******************
2021-11-22 14:37:49 :INFO :Test case failed
2021-11-22 14:37:49 :INFO :DDT Failed
2021-11-22 14:38:59 :INFO :*******************Test_ddt_001_login******************************
2021-11-22 14:38:59 :INFO :*****************verifying home page title *************************
2021-11-22 14:39:05 :INFO :**************Home page Test case passed***********************
2021-11-22 14:39:07 :INFO :***************Test login_DDT started*******************
2021-11-22 14:39:27 :INFO :Test case passed
2021-11-22 14:39:29 :INFO :DDT Case passed
2021-11-23 09:59:18 :INFO :*******************Test_001_login******************************
2021-11-23 09:59:19 :INFO :*****************verifying home page title *************************
2021-11-23 09:59:23 :INFO :**************Home page Test case passed***********************
2021-11-23 09:59:26 :INFO :***************Test login started*******************
2021-11-23 09:59:35 :INFO :*************Test login passed***************
2021-11-23 10:14:54 :INFO :*******Test_order_006**************
2021-11-23 10:15:15 :INFO :*******Login Successful******************
2021-11-23 10:15:15 :INFO :*****************Starting search order test****************
2021-11-23 11:06:23 :INFO :*******Test_order_006**************
2021-11-23 11:06:33 :INFO :*******Login Successful******************
2021-11-23 11:06:33 :INFO :*****************Starting search order test****************
2021-11-23 11:12:18 :INFO :*******Test_order_006**************
2021-11-23 11:12:26 :INFO :*******Login Successful******************
2021-11-23 11:12:26 :INFO :*****************Starting search order test****************
2021-11-23 11:16:22 :INFO :*******Test_order_006**************
2021-11-23 11:16:36 :INFO :*******Login Successful******************
2021-11-23 11:16:36 :INFO :*****************Starting search order test****************
2021-12-08 13:55:24 :INFO :

2021-12-08 13:55:24 :INFO :====== WebDriver manager ======
2021-12-08 13:55:27 :INFO :Current firefox version is 95.0
2021-12-08 13:55:27 :INFO :Get LATEST geckodriver version for 95.0 firefox
2021-12-08 13:55:28 :INFO :Driver [C:\Users\prsha\.wdm\drivers\geckodriver\win64\v0.30.0\geckodriver.exe] found in cache
2021-12-08 13:56:06 :INFO :*******************Test_001_login******************************
2021-12-08 13:56:06 :INFO :*****************verifying home page title *************************
2021-12-08 13:56:23 :INFO :**************Home page Test case passed***********************
2021-12-08 13:56:23 :INFO :

2021-12-08 13:56:23 :INFO :====== WebDriver manager ======
2021-12-08 13:56:27 :INFO :Current firefox version is 95.0
2021-12-08 13:56:27 :INFO :Get LATEST geckodriver version for 95.0 firefox
2021-12-08 13:56:27 :INFO :Driver [C:\Users\prsha\.wdm\drivers\geckodriver\win64\v0.30.0\geckodriver.exe] found in cache
2021-12-08 13:57:02 :INFO :***************Test login started*******************
2021-12-08 13:57:28 :INFO :*************Test login passed***************
2021-12-08 13:59:26 :INFO :

2021-12-08 13:59:26 :INFO :

2021-12-08 13:59:26 :INFO :====== WebDriver manager ======
2021-12-08 13:59:26 :INFO :====== WebDriver manager ======
2021-12-08 13:59:26 :INFO :Current google-chrome version is 96.0.4664
2021-12-08 13:59:26 :INFO :Get LATEST chromedriver version for 96.0.4664 google-chrome
2021-12-08 13:59:26 :INFO :Current google-chrome version is 96.0.4664
2021-12-08 13:59:26 :INFO :Get LATEST chromedriver version for 96.0.4664 google-chrome
2021-12-08 13:59:27 :INFO :Driver [C:\Users\prsha\.wdm\drivers\chromedriver\win32\96.0.4664.45\chromedriver.exe] found in cache
2021-12-08 13:59:27 :INFO :Driver [C:\Users\prsha\.wdm\drivers\chromedriver\win32\96.0.4664.45\chromedriver.exe] found in cache
2021-12-08 13:59:37 :INFO :*******************Test_001_login******************************
2021-12-08 13:59:37 :INFO :*****************verifying home page title *************************
2021-12-08 13:59:41 :INFO :***************Test login started*******************
2021-12-08 14:00:24 :INFO :**************Home page Test case passed***********************
2021-12-08 14:00:24 :INFO :*************Test login passed***************
2021-12-08 14:28:54 :INFO :

2021-12-08 14:28:54 :INFO :

2021-12-08 14:28:54 :INFO :====== WebDriver manager ======
2021-12-08 14:28:54 :INFO :====== WebDriver manager ======
2021-12-08 14:28:55 :INFO :Current google-chrome version is 96.0.4664
2021-12-08 14:28:55 :INFO :Get LATEST chromedriver version for 96.0.4664 google-chrome
2021-12-08 14:28:55 :INFO :Current google-chrome version is 96.0.4664
2021-12-08 14:28:55 :INFO :Get LATEST chromedriver version for 96.0.4664 google-chrome
2021-12-08 14:28:56 :INFO :Driver [C:\Users\prsha\.wdm\drivers\chromedriver\win32\96.0.4664.45\chromedriver.exe] found in cache
2021-12-08 14:28:56 :INFO :Driver [C:\Users\prsha\.wdm\drivers\chromedriver\win32\96.0.4664.45\chromedriver.exe] found in cache
2021-12-08 14:29:07 :INFO :***************Test login started*******************
2021-12-08 14:29:10 :INFO :*******************Test_001_login******************************
2021-12-08 14:29:10 :INFO :*****************verifying home page title *************************
2021-12-08 14:29:41 :INFO :*************Test login passed***************
2021-12-08 14:29:43 :INFO :**************Home page Test case passed***********************
2021-12-08 17:02:09 :INFO :

2021-12-08 17:02:09 :INFO :

2021-12-08 17:02:09 :INFO :====== WebDriver manager ======
2021-12-08 17:02:09 :INFO :====== WebDriver manager ======
2021-12-08 17:02:10 :INFO :Current google-chrome version is 96.0.4664
2021-12-08 17:02:10 :INFO :Get LATEST chromedriver version for 96.0.4664 google-chrome
2021-12-08 17:02:10 :INFO :Current google-chrome version is 96.0.4664
2021-12-08 17:02:10 :INFO :Get LATEST chromedriver version for 96.0.4664 google-chrome
2021-12-08 17:02:10 :INFO :Driver [C:\Users\prsha\.wdm\drivers\chromedriver\win32\96.0.4664.45\chromedriver.exe] found in cache
2021-12-08 17:02:10 :INFO :Driver [C:\Users\prsha\.wdm\drivers\chromedriver\win32\96.0.4664.45\chromedriver.exe] found in cache
2021-12-08 17:02:22 :INFO :*******************Test_001_login******************************
2021-12-08 17:02:22 :INFO :*****************verifying home page title *************************
2021-12-08 17:02:24 :INFO :***************Test login started*******************
2021-12-08 17:02:56 :INFO :*************Test login passed***************
2021-12-08 17:02:57 :INFO :**************Home page Test case passed***********************
2021-12-08 17:10:14 :INFO :

2021-12-08 17:10:14 :INFO :

2021-12-08 17:10:14 :INFO :====== WebDriver manager ======
2021-12-08 17:10:14 :INFO :====== WebDriver manager ======
2021-12-08 17:10:14 :INFO :Current google-chrome version is 96.0.4664
2021-12-08 17:10:14 :INFO :Get LATEST chromedriver version for 96.0.4664 google-chrome
2021-12-08 17:10:14 :INFO :Current google-chrome version is 96.0.4664
2021-12-08 17:10:14 :INFO :Get LATEST chromedriver version for 96.0.4664 google-chrome
2021-12-08 17:10:15 :INFO :Driver [C:\Users\prsha\.wdm\drivers\chromedriver\win32\96.0.4664.45\chromedriver.exe] found in cache
2021-12-08 17:10:15 :INFO :Driver [C:\Users\prsha\.wdm\drivers\chromedriver\win32\96.0.4664.45\chromedriver.exe] found in cache
2021-12-08 17:10:27 :INFO :*******************Test_001_login******************************
2021-12-08 17:10:27 :INFO :*****************verifying home page title *************************
2021-12-08 17:10:29 :INFO :***************Test login started*******************
2021-12-08 17:11:13 :INFO :**************Home page Test case passed***********************
2021-12-08 17:11:16 :INFO :*************Test login passed***************
2022-11-17 14:56:34 :INFO :====== WebDriver manager ======
2022-11-17 14:56:35 :INFO :Get LATEST chromedriver version for google-chrome 106.0.5249
2022-11-17 14:56:41 :INFO :There is no [win32] chromedriver for browser 106.0.5249 in cache
2022-11-17 14:56:41 :INFO :About to download new driver from https://chromedriver.storage.googleapis.com/106.0.5249.61/chromedriver_win32.zip
2022-11-17 14:56:43 :INFO :Driver has been saved in cache [C:\Users\prsha\.wdm\drivers\chromedriver\win32\106.0.5249]
2022-11-17 14:56:47 :INFO :********Test_003_addcustomer*****************
2022-11-17 14:56:51 :INFO :**************login successful****************
2022-11-17 14:56:51 :INFO :**********starting add customer test case***************
2022-11-17 14:56:53 :INFO :*******providing customer info********
2022-11-17 14:56:58 :INFO :**********Customer added successfully*********************
2022-11-17 14:56:58 :INFO :*************Ending Add customer test*******************
2022-11-17 14:56:58 :INFO :====== WebDriver manager ======
2022-11-17 14:56:59 :INFO :Get LATEST chromedriver version for google-chrome 106.0.5249
2022-11-17 14:57:01 :INFO :Driver [C:\Users\prsha\.wdm\drivers\chromedriver\win32\106.0.5249\chromedriver.exe] found in cache
2022-11-17 14:57:02 :INFO :***************Test login started*******************
2022-11-17 14:57:07 :INFO :*************Test login passed***************
2022-11-17 15:26:25 :INFO :====== WebDriver manager ======
2022-11-17 15:26:26 :INFO :Get LATEST chromedriver version for google-chrome 106.0.5249
2022-11-17 15:26:27 :INFO :Driver [C:\Users\prsha\.wdm\drivers\chromedriver\win32\106.0.5249\chromedriver.exe] found in cache
2022-11-17 15:26:29 :INFO :********Test_003_addcustomer*****************
2022-11-17 15:26:34 :INFO :**************login successful****************
2022-11-17 15:26:34 :INFO :**********starting add customer test case***************
2022-11-17 15:26:36 :INFO :*******providing customer info********
2022-11-17 15:26:41 :INFO :**********Customer added successfully*********************
2022-11-17 15:26:41 :INFO :*************Ending Add customer test*******************
2022-11-17 15:26:41 :INFO :====== WebDriver manager ======
2022-11-17 15:26:42 :INFO :Get LATEST chromedriver version for google-chrome 106.0.5249
2022-11-17 15:26:43 :INFO :Driver [C:\Users\prsha\.wdm\drivers\chromedriver\win32\106.0.5249\chromedriver.exe] found in cache
2022-11-17 15:26:45 :INFO :***************Test login started*******************
2022-11-17 15:26:56 :INFO :*************Test login passed***************
2022-12-08 15:18:23 :INFO :====== WebDriver manager ======
2022-12-08 15:18:23 :INFO :Get LATEST driver version for latest
2022-12-08 15:18:25 :INFO :There is no [win64] IEDriverServer for browser latest in cache
2022-12-08 15:18:25 :INFO :Getting latest ie release info for 4.7.0
2022-12-08 15:18:25 :INFO :About to download new driver from https://github.com/SeleniumHQ/selenium/releases/download/selenium-4.7.0/IEDriverServer_Win32_4.7.0.zip
2022-12-08 15:18:26 :INFO :Driver has been saved in cache [C:\Users\prsha\.wdm\drivers\IEDriverServer\win64\latest]
2022-12-08 15:18:30 :INFO :====== WebDriver manager ======
2022-12-08 15:18:30 :INFO :Get LATEST driver version for latest
2022-12-08 15:18:31 :INFO :Driver [C:\Users\prsha\.wdm\drivers\IEDriverServer\win64\latest\IEDriverServer.exe] found in cache
2022-12-08 15:18:35 :INFO :====== WebDriver manager ======
2022-12-08 15:18:35 :INFO :Get LATEST driver version for latest
2022-12-08 15:18:35 :INFO :Driver [C:\Users\prsha\.wdm\drivers\IEDriverServer\win64\latest\IEDriverServer.exe] found in cache
2022-12-08 15:18:39 :INFO :====== WebDriver manager ======
2022-12-08 15:18:39 :INFO :Get LATEST driver version for latest
2022-12-08 15:18:39 :INFO :Driver [C:\Users\prsha\.wdm\drivers\IEDriverServer\win64\latest\IEDriverServer.exe] found in cache
2022-12-08 15:18:43 :INFO :====== WebDriver manager ======
2022-12-08 15:18:43 :INFO :Get LATEST driver version for latest
2022-12-08 15:18:44 :INFO :Driver [C:\Users\prsha\.wdm\drivers\IEDriverServer\win64\latest\IEDriverServer.exe] found in cache
2022-12-08 15:18:47 :INFO :====== WebDriver manager ======
2022-12-08 15:18:48 :INFO :Get LATEST driver version for latest
2022-12-08 15:18:48 :INFO :Driver [C:\Users\prsha\.wdm\drivers\IEDriverServer\win64\latest\IEDriverServer.exe] found in cache
2022-12-08 15:18:52 :INFO :====== WebDriver manager ======
2022-12-08 15:18:52 :INFO :Get LATEST driver version for latest
2022-12-08 15:18:52 :INFO :Driver [C:\Users\prsha\.wdm\drivers\IEDriverServer\win64\latest\IEDriverServer.exe] found in cache
2022-12-08 15:19:26 :INFO :====== WebDriver manager ======
2022-12-08 15:19:26 :INFO :Get LATEST driver version for latest
2022-12-08 15:19:27 :INFO :Driver [C:\Users\prsha\.wdm\drivers\IEDriverServer\win64\latest\IEDriverServer.exe] found in cache
2022-12-12 10:26:44 :INFO :====== WebDriver manager ======
2022-12-12 10:26:44 :INFO :Get LATEST driver version for latest
2022-12-12 10:26:45 :INFO :Getting latest ie release info for 4.7.0
2022-12-12 10:26:46 :INFO :About to download new driver from https://github.com/SeleniumHQ/selenium/releases/download/selenium-4.7.0/IEDriverServer_Win32_4.7.0.zip
2022-12-12 10:26:46 :INFO :Driver has been saved in cache [C:\Users\prsha\.wdm\drivers\IEDriverServer\win64\latest]
2022-12-12 10:26:51 :INFO :====== WebDriver manager ======
2022-12-12 10:26:51 :INFO :Get LATEST driver version for latest
2022-12-12 10:26:51 :INFO :Driver [C:\Users\prsha\.wdm\drivers\IEDriverServer\win64\latest\IEDriverServer.exe] found in cache
2022-12-12 10:26:55 :INFO :====== WebDriver manager ======
2022-12-12 10:26:55 :INFO :Get LATEST driver version for latest
2022-12-12 10:26:55 :INFO :Driver [C:\Users\prsha\.wdm\drivers\IEDriverServer\win64\latest\IEDriverServer.exe] found in cache
2022-12-12 10:26:59 :INFO :====== WebDriver manager ======
2022-12-12 10:26:59 :INFO :Get LATEST driver version for latest
2022-12-12 10:26:59 :INFO :Driver [C:\Users\prsha\.wdm\drivers\IEDriverServer\win64\latest\IEDriverServer.exe] found in cache
2022-12-12 10:27:03 :INFO :====== WebDriver manager ======
2022-12-12 10:27:03 :INFO :Get LATEST driver version for latest
2022-12-12 10:27:04 :INFO :Driver [C:\Users\prsha\.wdm\drivers\IEDriverServer\win64\latest\IEDriverServer.exe] found in cache
2022-12-12 10:27:07 :INFO :====== WebDriver manager ======
2022-12-12 10:27:08 :INFO :Get LATEST driver version for latest
2022-12-12 10:27:09 :INFO :Driver [C:\Users\prsha\.wdm\drivers\IEDriverServer\win64\latest\IEDriverServer.exe] found in cache
2022-12-12 10:27:12 :INFO :====== WebDriver manager ======
2022-12-12 10:27:12 :INFO :Get LATEST driver version for latest
2022-12-12 10:27:13 :INFO :Driver [C:\Users\prsha\.wdm\drivers\IEDriverServer\win64\latest\IEDriverServer.exe] found in cache
2022-12-12 10:27:47 :INFO :====== WebDriver manager ======
2022-12-12 10:27:47 :INFO :Get LATEST driver version for latest
2022-12-12 10:27:48 :INFO :Driver [C:\Users\prsha\.wdm\drivers\IEDriverServer\win64\latest\IEDriverServer.exe] found in cache
2022-12-12 10:55:41 :INFO :*******************Test_001_login******************************
2022-12-12 10:55:41 :INFO :*****************verifying home page title *************************
2022-12-12 10:55:44 :INFO :**************Home page Test case passed***********************
2022-12-12 10:56:28 :INFO :*******************Test_001_login******************************
2022-12-12 10:56:28 :INFO :*****************verifying home page title *************************
2022-12-12 10:56:31 :INFO :**************Home page Test case passed***********************
2022-12-12 11:15:47 :INFO :====== WebDriver manager ======
2022-12-12 11:15:48 :INFO :Get LATEST driver version for latest
2022-12-12 11:15:49 :INFO :Driver [C:\Users\prsha\.wdm\drivers\IEDriverServer\win64\latest\IEDriverServer.exe] found in cache
2022-12-12 11:15:52 :INFO :====== WebDriver manager ======
2022-12-12 11:15:53 :INFO :Get LATEST driver version for latest
2022-12-12 11:15:53 :INFO :Driver [C:\Users\prsha\.wdm\drivers\IEDriverServer\win64\latest\IEDriverServer.exe] found in cache
2022-12-12 11:15:57 :INFO :====== WebDriver manager ======
2022-12-12 11:15:57 :INFO :Get LATEST driver version for latest
2022-12-12 11:15:57 :INFO :Driver [C:\Users\prsha\.wdm\drivers\IEDriverServer\win64\latest\IEDriverServer.exe] found in cache
2022-12-12 11:16:01 :INFO :====== WebDriver manager ======
2022-12-12 11:16:01 :INFO :Get LATEST driver version for latest
2022-12-12 11:16:02 :INFO :Driver [C:\Users\prsha\.wdm\drivers\IEDriverServer\win64\latest\IEDriverServer.exe] found in cache
2022-12-12 11:16:05 :INFO :====== WebDriver manager ======
2022-12-12 11:16:06 :INFO :Get LATEST driver version for latest
2022-12-12 11:16:06 :INFO :Driver [C:\Users\prsha\.wdm\drivers\IEDriverServer\win64\latest\IEDriverServer.exe] found in cache
2022-12-12 11:16:10 :INFO :====== WebDriver manager ======
2022-12-12 11:16:10 :INFO :Get LATEST driver version for latest
2022-12-12 11:16:10 :INFO :Driver [C:\Users\prsha\.wdm\drivers\IEDriverServer\win64\latest\IEDriverServer.exe] found in cache
2022-12-12 11:16:14 :INFO :====== WebDriver manager ======
2022-12-12 11:16:14 :INFO :Get LATEST driver version for latest
2022-12-12 11:16:14 :INFO :Driver [C:\Users\prsha\.wdm\drivers\IEDriverServer\win64\latest\IEDriverServer.exe] found in cache
2022-12-12 11:16:48 :INFO :====== WebDriver manager ======
2022-12-12 11:16:48 :INFO :Get LATEST driver version for latest
2022-12-12 11:16:49 :INFO :Driver [C:\Users\prsha\.wdm\drivers\IEDriverServer\win64\latest\IEDriverServer.exe] found in cache
2022-12-12 11:33:32 :INFO :====== WebDriver manager ======
2022-12-12 11:33:32 :INFO :Get LATEST driver version for latest
2022-12-12 11:33:33 :INFO :Driver [C:\Users\prsha\.wdm\drivers\IEDriverServer\win64\latest\IEDriverServer.exe] found in cache
2022-12-12 11:33:37 :INFO :====== WebDriver manager ======
2022-12-12 11:33:37 :INFO :Get LATEST driver version for latest
2022-12-12 11:33:38 :INFO :Driver [C:\Users\prsha\.wdm\drivers\IEDriverServer\win64\latest\IEDriverServer.exe] found in cache
2022-12-12 11:33:42 :INFO :====== WebDriver manager ======
2022-12-12 11:33:42 :INFO :Get LATEST driver version for latest
2022-12-12 11:33:42 :INFO :Driver [C:\Users\prsha\.wdm\drivers\IEDriverServer\win64\latest\IEDriverServer.exe] found in cache
2022-12-12 11:33:46 :INFO :====== WebDriver manager ======
2022-12-12 11:33:46 :INFO :Get LATEST driver version for latest
2022-12-12 11:33:46 :INFO :Driver [C:\Users\prsha\.wdm\drivers\IEDriverServer\win64\latest\IEDriverServer.exe] found in cache
2022-12-12 11:33:50 :INFO :====== WebDriver manager ======
2022-12-12 11:33:50 :INFO :Get LATEST driver version for latest
2022-12-12 11:33:51 :INFO :Driver [C:\Users\prsha\.wdm\drivers\IEDriverServer\win64\latest\IEDriverServer.exe] found in cache
2022-12-12 11:33:54 :INFO :====== WebDriver manager ======
2022-12-12 11:33:54 :INFO :Get LATEST driver version for latest
2022-12-12 11:33:55 :INFO :Driver [C:\Users\prsha\.wdm\drivers\IEDriverServer\win64\latest\IEDriverServer.exe] found in cache
2022-12-12 11:33:58 :INFO :====== WebDriver manager ======
2022-12-12 11:33:58 :INFO :Get LATEST driver version for latest
2022-12-12 11:33:59 :INFO :Driver [C:\Users\prsha\.wdm\drivers\IEDriverServer\win64\latest\IEDriverServer.exe] found in cache
2022-12-12 11:34:32 :INFO :====== WebDriver manager ======
2022-12-12 11:34:32 :INFO :Get LATEST driver version for latest
2022-12-12 11:34:33 :INFO :Driver [C:\Users\prsha\.wdm\drivers\IEDriverServer\win64\latest\IEDriverServer.exe] found in cache
2022-12-12 11:36:27 :INFO :********Test_003_addcustomer*****************
2022-12-12 11:36:31 :INFO :**************login successful****************
2022-12-12 11:36:31 :INFO :**********starting add customer test case***************
2022-12-12 11:36:36 :INFO :*******providing customer info********
2022-12-12 11:36:41 :INFO :**********Customer added successfully*********************
2022-12-12 11:36:41 :INFO :*************Ending Add customer test*******************
2022-12-12 11:36:41 :INFO :*******************Test_001_login******************************
2022-12-12 11:36:41 :INFO :*****************verifying home page title *************************
2022-12-12 11:36:44 :INFO :**************Home page Test case passed***********************
2022-12-12 11:36:45 :INFO :***************Test login started*******************
2022-12-12 11:36:56 :INFO :*************Test login passed***************
2022-12-12 11:36:57 :INFO :*******************Test_ddt_001_login******************************
2022-12-12 11:36:57 :INFO :*****************verifying home page title *************************
2022-12-12 11:36:58 :INFO :**************Home page Test case passed***********************
2022-12-12 11:37:00 :INFO :***************Test login_DDT started*******************
2022-12-12 11:37:10 :INFO :Test case passed
2022-12-12 11:37:11 :INFO :DDT Case passed
2022-12-12 11:37:13 :INFO :*******Test_order_006**************
2022-12-12 11:37:18 :INFO :*******Login Successful******************
2022-12-12 11:37:18 :INFO :*****************Starting search order test****************
2022-12-12 11:37:20 :INFO :*************Test Search customer by email_004*******************
2022-12-12 11:37:30 :INFO :*********Login Successful****************
2022-12-12 11:37:33 :INFO :******Searching customer by emailID*****
2022-12-12 11:37:34 :INFO :******clicking on search***************
2022-12-12 11:37:37 :INFO :***********TC_searchcustomerbyemail_004 finished
2022-12-12 11:37:38 :INFO :*************Test Search customer by name_005*******************
2022-12-12 11:37:48 :INFO :*********Login Successful****************
2022-12-12 11:37:50 :INFO :******Searching customer by name*****
2022-12-12 11:37:53 :INFO :***********TC_searchcustomerbyname_005 finished
2022-12-12 11:38:51 :INFO :********Test_003_addcustomer*****************
2022-12-12 11:38:55 :INFO :**************login successful****************
2022-12-12 11:38:55 :INFO :**********starting add customer test case***************
2022-12-12 11:38:59 :INFO :*******providing customer info********
2022-12-12 11:39:03 :INFO :**********Customer added successfully*********************
2022-12-12 11:39:03 :INFO :*************Ending Add customer test*******************
2022-12-12 11:39:05 :INFO :*******************Test_001_login******************************
2022-12-12 11:39:05 :INFO :*****************verifying home page title *************************
2022-12-12 11:39:06 :INFO :**************Home page Test case passed***********************
2022-12-12 11:39:08 :INFO :***************Test login started*******************
2022-12-12 11:39:32 :INFO :*************Test login passed***************
2022-12-12 11:39:33 :INFO :*******************Test_ddt_001_login******************************
2022-12-12 11:39:33 :INFO :*****************verifying home page title *************************
2022-12-12 11:40:41 :INFO :*******************Test_001_login******************************
2022-12-12 11:40:41 :INFO :*****************verifying home page title *************************
2022-12-12 11:40:43 :INFO :**************Home page Test case passed***********************
2022-12-12 11:40:44 :INFO :***************Test login started*******************
2022-12-12 11:40:59 :INFO :*************Test login passed***************
2022-12-12 11:41:56 :INFO :*******************Test_001_login******************************
2022-12-12 11:41:56 :INFO :*****************verifying home page title *************************
2022-12-12 11:41:58 :INFO :**************Home page Test case passed***********************
2022-12-12 11:41:59 :INFO :***************Test login started*******************
2022-12-12 11:42:09 :INFO :*************Test login passed***************
2022-12-12 11:43:04 :INFO :*******************Test_ddt_001_login******************************
2022-12-12 11:43:04 :INFO :*****************verifying home page title *************************
2022-12-12 11:43:06 :INFO :**************Home page Test case passed***********************
2022-12-12 11:43:07 :INFO :***************Test login_DDT started*******************
2022-12-12 11:43:16 :INFO :Test case passed
2022-12-12 11:43:17 :INFO :DDT Case passed
2022-12-12 11:45:16 :INFO :*******************Test_ddt_001_login******************************
2022-12-12 11:45:16 :INFO :*****************verifying home page title *************************
2022-12-12 11:45:18 :INFO :**************Home page Test case passed***********************
2022-12-12 11:45:19 :INFO :***************Test login_DDT started*******************
2022-12-12 11:45:34 :INFO :Test case passed
2022-12-12 11:45:35 :INFO :DDT Case passed
2022-12-12 11:47:53 :INFO :*******************Test_ddt_001_login******************************
2022-12-12 11:47:53 :INFO :*****************verifying home page title *************************
2022-12-12 11:47:56 :INFO :**************Home page Test case passed***********************
2022-12-12 11:47:57 :INFO :***************Test login_DDT started*******************
2022-12-12 11:48:16 :INFO :Test case passed
2022-12-12 11:48:20 :INFO :DDT Case passed
2022-12-12 11:52:18 :INFO :*******************Test_ddt_001_login******************************
2022-12-12 11:52:18 :INFO :*****************verifying home page title *************************
2022-12-12 11:52:20 :INFO :**************Home page Test case passed***********************
2022-12-12 12:00:37 :INFO :********Test_003_addcustomer*****************
2022-12-12 12:00:42 :INFO :**************login successful****************
2022-12-12 12:00:42 :INFO :**********starting add customer test case***************
2022-12-12 12:00:49 :INFO :*******providing customer info********
2022-12-12 12:00:53 :INFO :**********Customer added successfully*********************
2022-12-12 12:00:53 :INFO :*************Ending Add customer test*******************
2022-12-12 12:00:54 :INFO :*******************Test_001_login******************************
2022-12-12 12:00:54 :INFO :*****************verifying home page title *************************
2022-12-12 12:00:56 :INFO :**************Home page Test case passed***********************
2022-12-12 12:00:58 :INFO :***************Test login started*******************
2022-12-12 12:01:08 :INFO :*************Test login passed***************
2022-12-12 12:01:09 :INFO :*******************Test_ddt_001_login******************************
2022-12-12 12:01:09 :INFO :*****************verifying home page title *************************
2022-12-12 12:01:11 :INFO :**************Home page Test case passed***********************
2022-12-12 12:01:12 :INFO :*******Test_order_006**************
2022-12-12 12:01:16 :INFO :*******Login Successful******************
2022-12-12 12:01:16 :INFO :*****************Starting search order test****************
2022-12-12 12:01:18 :INFO :*************Test Search customer by email_004*******************
2022-12-12 12:01:27 :INFO :*********Login Successful****************
2022-12-12 12:01:28 :INFO :******Searching customer by emailID*****
2022-12-12 12:01:28 :INFO :******clicking on search***************
2022-12-12 12:01:31 :INFO :***********TC_searchcustomerbyemail_004 finished
2022-12-12 12:01:33 :INFO :*************Test Search customer by name_005*******************
2022-12-12 12:01:43 :INFO :*********Login Successful****************
2022-12-12 12:01:45 :INFO :******Searching customer by name*****
2022-12-12 12:01:48 :INFO :***********TC_searchcustomerbyname_005 finished
2022-12-12 12:06:28 :INFO :********Test_003_addcustomer*****************
2022-12-12 12:06:33 :INFO :**************login successful****************
2022-12-12 12:06:33 :INFO :**********starting add customer test case***************
2022-12-12 12:06:37 :INFO :*******providing customer info********
2022-12-12 12:06:41 :INFO :**********Customer added successfully*********************
2022-12-12 12:06:41 :INFO :*************Ending Add customer test*******************
2022-12-12 12:06:43 :INFO :*******************Test_001_login******************************
2022-12-12 12:06:43 :INFO :*****************verifying home page title *************************
2022-12-12 12:06:45 :INFO :**************Home page Test case passed***********************
2022-12-12 12:06:46 :INFO :***************Test login started*******************
2022-12-12 12:06:57 :INFO :*************Test login passed***************
2022-12-12 12:06:58 :INFO :*******************Test_ddt_001_login******************************
2022-12-12 12:06:58 :INFO :*****************verifying home page title *************************
2022-12-12 12:07:00 :INFO :**************Home page Test case passed***********************
2022-12-12 12:07:01 :INFO :*******Test_order_006**************
2022-12-12 12:07:06 :INFO :*******Login Successful******************
2022-12-12 12:07:06 :INFO :*****************Starting search order test****************
2022-12-12 12:07:11 :INFO :*************Test Search customer by email_004*******************
2022-12-12 12:07:20 :INFO :*********Login Successful****************
2022-12-12 12:07:22 :INFO :******Searching customer by emailID*****
2022-12-12 12:07:23 :INFO :******clicking on search***************
2022-12-12 12:07:26 :INFO :***********TC_searchcustomerbyemail_004 finished
2022-12-12 12:07:28 :INFO :*************Test Search customer by name_005*******************
2022-12-12 12:07:37 :INFO :*********Login Successful****************
2022-12-12 12:07:39 :INFO :******Searching customer by name*****
2022-12-12 12:07:42 :INFO :***********TC_searchcustomerbyname_005 finished
2022-12-12 12:08:34 :INFO :*******Test_order_006**************
2022-12-12 12:08:38 :INFO :*******Login Successful******************
2022-12-12 12:08:38 :INFO :*****************Starting search order test****************
2022-12-12 12:10:32 :INFO :*******Test_order_006**************
2022-12-12 12:10:36 :INFO :*******Login Successful******************
2022-12-12 12:10:36 :INFO :*****************Starting search order test****************
2022-12-12 12:14:48 :INFO :*******Test_order_006**************
2022-12-12 12:14:53 :INFO :*******Login Successful******************
2022-12-12 12:14:53 :INFO :*****************Starting search order test****************
2022-12-12 12:39:38 :INFO :*******Test_order_006**************
2022-12-12 12:39:48 :INFO :*******Login Successful******************
2022-12-12 12:39:48 :INFO :*****************Starting search order test****************
2022-12-12 12:41:18 :INFO :*******Test_order_006**************
2022-12-12 12:41:21 :INFO :*******Login Successful******************
2022-12-12 12:41:21 :INFO :*****************Starting search order test****************
2022-12-12 12:44:18 :INFO :*******Test_order_006**************
2022-12-12 12:44:23 :INFO :*******Login Successful******************
2022-12-12 12:44:23 :INFO :*****************Starting search order test****************
2022-12-12 12:45:56 :INFO :*******Test_order_006**************
2022-12-12 12:46:00 :INFO :*******Login Successful******************
2022-12-12 12:46:00 :INFO :*****************Starting search order test****************
2022-12-12 12:48:04 :INFO :*******Test_order_006**************
2022-12-12 12:48:09 :INFO :*******Login Successful******************
2022-12-12 12:48:09 :INFO :*****************Starting search order test****************
2022-12-12 12:49:50 :INFO :*******Test_order_006**************
2022-12-12 12:49:56 :INFO :*******Login Successful******************
2022-12-12 12:49:56 :INFO :*****************Starting search order test****************
2022-12-12 12:52:28 :INFO :*******Test_order_006**************
2022-12-12 12:52:32 :INFO :*******Login Successful******************
2022-12-12 12:52:32 :INFO :*****************Starting search order test****************
2022-12-12 12:53:52 :INFO :*******Test_order_006**************
2022-12-12 12:53:56 :INFO :*******Login Successful******************
2022-12-12 12:53:56 :INFO :*****************Starting search order test****************
2022-12-12 12:58:00 :INFO :*************Test Search customer by email_004*******************
2022-12-12 12:58:09 :INFO :*********Login Successful****************
2022-12-12 12:58:11 :INFO :******Searching customer by emailID*****
2022-12-12 12:58:11 :INFO :******clicking on search***************
2022-12-12 12:58:14 :INFO :***********TC_searchcustomerbyemail_004 finished
2022-12-12 14:17:30 :INFO :*******Test_order_006**************
2022-12-12 14:17:40 :INFO :*******Login Successful******************
2022-12-12 14:17:40 :INFO :*****************Starting search order test****************
2022-12-12 14:19:08 :INFO :*******Test_order_006**************
2022-12-12 14:19:17 :INFO :*******Login Successful******************
2022-12-12 14:19:17 :INFO :*****************Starting search order test****************
2022-12-12 14:20:00 :INFO :*******Test_order_006**************
2022-12-12 14:20:09 :INFO :*******Login Successful******************
2022-12-12 14:20:09 :INFO :*****************Starting search order test****************
2022-12-12 14:24:30 :INFO :====== WebDriver manager ======
2022-12-12 14:24:30 :INFO :Get LATEST chromedriver version for google-chrome 107.0.5304
2022-12-12 14:24:32 :INFO :There is no [win32] chromedriver for browser 107.0.5304 in cache
2022-12-12 14:24:32 :INFO :About to download new driver from https://chromedriver.storage.googleapis.com/107.0.5304.62/chromedriver_win32.zip
2022-12-12 14:24:33 :INFO :Driver has been saved in cache [C:\Users\prsha\.wdm\drivers\chromedriver\win32\107.0.5304]
2022-12-12 14:24:35 :INFO :*******************Test_001_login******************************
2022-12-12 14:24:35 :INFO :*****************verifying home page title *************************
2022-12-12 14:24:37 :INFO :**************Home page Test case passed***********************
2022-12-12 14:24:37 :INFO :====== WebDriver manager ======
2022-12-12 14:24:38 :INFO :Get LATEST chromedriver version for google-chrome 107.0.5304
2022-12-12 14:24:39 :INFO :Driver [C:\Users\prsha\.wdm\drivers\chromedriver\win32\107.0.5304\chromedriver.exe] found in cache
2022-12-12 14:24:40 :INFO :***************Test login started*******************
2022-12-12 14:24:51 :INFO :*************Test login passed***************
2022-12-12 14:26:13 :INFO :====== WebDriver manager ======
2022-12-12 14:26:14 :INFO :Get LATEST chromedriver version for google-chrome 107.0.5304
2022-12-12 14:26:15 :INFO :Driver [C:\Users\prsha\.wdm\drivers\chromedriver\win32\107.0.5304\chromedriver.exe] found in cache
2022-12-12 14:26:16 :INFO :***************Test login started*******************
2022-12-12 14:26:35 :INFO :====== WebDriver manager ======
2022-12-12 14:26:35 :INFO :Get LATEST chromedriver version for google-chrome 107.0.5304
2022-12-12 14:26:36 :INFO :Driver [C:\Users\prsha\.wdm\drivers\chromedriver\win32\107.0.5304\chromedriver.exe] found in cache
2022-12-12 14:26:38 :INFO :***************Test login started*******************
2022-12-12 14:26:48 :INFO :*************Test login passed***************
2022-12-12 14:28:29 :INFO :====== WebDriver manager ======
2022-12-12 14:28:29 :INFO :Get LATEST chromedriver version for google-chrome 107.0.5304
2022-12-12 14:28:30 :INFO :Driver [C:\Users\prsha\.wdm\drivers\chromedriver\win32\107.0.5304\chromedriver.exe] found in cache
2022-12-12 14:28:32 :INFO :********Test_003_addcustomer*****************
2022-12-12 14:28:35 :INFO :**************login successful****************
2022-12-12 14:28:35 :INFO :**********starting add customer test case***************
2022-12-12 14:28:38 :INFO :*******providing customer info********
2022-12-12 14:28:43 :INFO :**********Customer added successfully*********************
2022-12-12 14:28:43 :INFO :*************Ending Add customer test*******************
2022-12-12 14:28:43 :INFO :====== WebDriver manager ======
2022-12-12 14:28:44 :INFO :Get LATEST chromedriver version for google-chrome 107.0.5304
2022-12-12 14:28:44 :INFO :Driver [C:\Users\prsha\.wdm\drivers\chromedriver\win32\107.0.5304\chromedriver.exe] found in cache
2022-12-12 14:28:46 :INFO :***************Test login started*******************
2022-12-12 14:28:56 :INFO :*************Test login passed***************
